This is pdfTeX, Version 3.1415926-2.5-1.40.14 (MiKTeX 2.9) (preloaded format=pdflatex 2015.5.15)  7 DEC 2015 13:31
entering extended mode
**masterthesis.tex
(H:\thesis\masterthesis_working\masterthesis.tex
LaTeX2e <2011/06/27>
Babel <v3.8m> and hyphenation patterns for english, afrikaans, ancientgreek, ar
abic, armenian, assamese, basque, bengali, bokmal, bulgarian, catalan, coptic, 
croatian, czech, danish, dutch, esperanto, estonian, farsi, finnish, french, ga
lician, german, german-x-2013-05-26, greek, gujarati, hindi, hungarian, iceland
ic, indonesian, interlingua, irish, italian, kannada, kurmanji, latin, latvian,
 lithuanian, malayalam, marathi, mongolian, mongolianlmc, monogreek, ngerman, n
german-x-2013-05-26, nynorsk, oriya, panjabi, pinyin, polish, portuguese, roman
ian, russian, sanskrit, serbian, slovak, slovenian, spanish, swedish, swissgerm
an, tamil, telugu, turkish, turkmen, ukenglish, ukrainian, uppersorbian, usengl
ishmax, welsh, loaded.
(C:\MiKTeX\tex\latex\base\report.cls
Document Class: report 2007/10/19 v1.4h Standard LaTeX document class
(C:\MiKTeX\tex\latex\base\size10.clo
File: size10.clo 2007/10/19 v1.4h Standard LaTeX file (size option)
)
\c@part=\count79
\c@chapter=\count80
\c@section=\count81
\c@subsection=\count82
\c@subsubsection=\count83
\c@paragraph=\count84
\c@subparagraph=\count85
\c@figure=\count86
\c@table=\count87
\abovecaptionskip=\skip41
\belowcaptionskip=\skip42
\bibindent=\dimen102
) (C:\MiKTeX\tex\latex\base\inputenc.sty
Package: inputenc 2008/03/30 v1.1d Input encoding file
\inpenc@prehook=\toks14
\inpenc@posthook=\toks15

(C:\MiKTeX\tex\latex\base\ansinew.def
File: ansinew.def 2008/03/30 v1.1d Input encoding file
))
(C:\MiKTeX\tex\latex\booktabs\booktabs.sty
Package: booktabs 2005/04/14 v1.61803 publication quality tables
\heavyrulewidth=\dimen103
\lightrulewidth=\dimen104
\cmidrulewidth=\dimen105
\belowrulesep=\dimen106
\belowbottomsep=\dimen107
\aboverulesep=\dimen108
\abovetopsep=\dimen109
\cmidrulesep=\dimen110
\cmidrulekern=\dimen111
\defaultaddspace=\dimen112
\@cmidla=\count88
\@cmidlb=\count89
\@aboverulesep=\dimen113
\@belowrulesep=\dimen114
\@thisruleclass=\count90
\@lastruleclass=\count91
\@thisrulewidth=\dimen115
)
(C:\MiKTeX\tex\latex\graphics\graphicx.sty
Package: graphicx 1999/02/16 v1.0f Enhanced LaTeX Graphics (DPC,SPQR)

(C:\MiKTeX\tex\latex\graphics\keyval.sty
Package: keyval 1999/03/16 v1.13 key=value parser (DPC)
\KV@toks@=\toks16
)
(C:\MiKTeX\tex\latex\graphics\graphics.sty
Package: graphics 2009/02/05 v1.0o Standard LaTeX Graphics (DPC,SPQR)

(C:\MiKTeX\tex\latex\graphics\trig.sty
Package: trig 1999/03/16 v1.09 sin cos tan (DPC)
)
(C:\MiKTeX\tex\latex\00miktex\graphics.cfg
File: graphics.cfg 2007/01/18 v1.5 graphics configuration of teTeX/TeXLive
)
Package graphics Info: Driver file: pdftex.def on input line 91.

(C:\MiKTeX\tex\latex\pdftex-def\pdftex.def
File: pdftex.def 2011/05/27 v0.06d Graphics/color for pdfTeX

(C:\MiKTeX\tex\generic\oberdiek\infwarerr.sty
Package: infwarerr 2010/04/08 v1.3 Providing info/warning/error messages (HO)
)
(C:\MiKTeX\tex\generic\oberdiek\ltxcmds.sty
Package: ltxcmds 2011/11/09 v1.22 LaTeX kernel commands for general use (HO)
)
\Gread@gobject=\count92
))
\Gin@req@height=\dimen116
\Gin@req@width=\dimen117
)
(C:\MiKTeX\tex\latex\amsfonts\amssymb.sty
Package: amssymb 2013/01/14 v3.01 AMS font symbols

(C:\MiKTeX\tex\latex\amsfonts\amsfonts.sty
Package: amsfonts 2013/01/14 v3.01 Basic AMSFonts support
\@emptytoks=\toks17
\symAMSa=\mathgroup4
\symAMSb=\mathgroup5
LaTeX Font Info:    Overwriting math alphabet `\mathfrak' in version `bold'
(Font)                  U/euf/m/n --> U/euf/b/n on input line 106.
))
(C:\MiKTeX\tex\latex\amsmath\amsmath.sty
Package: amsmath 2013/01/14 v2.14 AMS math features
\@mathmargin=\skip43

For additional information on amsmath, use the `?' option.
(C:\MiKTeX\tex\latex\amsmath\amstext.sty
Package: amstext 2000/06/29 v2.01

(C:\MiKTeX\tex\latex\amsmath\amsgen.sty
File: amsgen.sty 1999/11/30 v2.0
\@emptytoks=\toks18
\ex@=\dimen118
))
(C:\MiKTeX\tex\latex\amsmath\amsbsy.sty
Package: amsbsy 1999/11/29 v1.2d
\pmbraise@=\dimen119
)
(C:\MiKTeX\tex\latex\amsmath\amsopn.sty
Package: amsopn 1999/12/14 v2.01 operator names
)
\inf@bad=\count93
LaTeX Info: Redefining \frac on input line 210.
\uproot@=\count94
\leftroot@=\count95
LaTeX Info: Redefining \overline on input line 306.
\classnum@=\count96
\DOTSCASE@=\count97
LaTeX Info: Redefining \ldots on input line 378.
LaTeX Info: Redefining \dots on input line 381.
LaTeX Info: Redefining \cdots on input line 466.
\Mathstrutbox@=\box26
\strutbox@=\box27
\big@size=\dimen120
LaTeX Font Info:    Redeclaring font encoding OML on input line 566.
LaTeX Font Info:    Redeclaring font encoding OMS on input line 567.
\macc@depth=\count98
\c@MaxMatrixCols=\count99
\dotsspace@=\muskip10
\c@parentequation=\count100
\dspbrk@lvl=\count101
\tag@help=\toks19
\row@=\count102
\column@=\count103
\maxfields@=\count104
\andhelp@=\toks20
\eqnshift@=\dimen121
\alignsep@=\dimen122
\tagshift@=\dimen123
\tagwidth@=\dimen124
\totwidth@=\dimen125
\lineht@=\dimen126
\@envbody=\toks21
\multlinegap=\skip44
\multlinetaggap=\skip45
\mathdisplay@stack=\toks22
LaTeX Info: Redefining \[ on input line 2665.
LaTeX Info: Redefining \] on input line 2666.
)
(C:\MiKTeX\tex\latex\setspace\setspace.sty
Package: setspace 2011/12/19 v6.7a set line spacing
) (C:\MiKTeX\tex\latex\cite\cite.sty
LaTeX Info: Redefining \cite on input line 302.
LaTeX Info: Redefining \nocite on input line 332.
Package: cite 2015/02/27  v 5.5
) (C:\MiKTeX\tex\latex\url\url\url.sty
\Urlmuskip=\muskip11
Package: url 2013/09/16  ver 3.4  Verb mode for urls, etc.
)
(C:\MiKTeX\tex\latex\titlesec\titletoc.sty
Package: titletoc 2011/12/15 v1.6 TOC entries
\ttl@leftsep=\dimen127
)
(H:\thesis\masterthesis_working\masterthesis.aux)
LaTeX Font Info:    Checking defaults for OML/cmm/m/it on input line 21.
LaTeX Font Info:    ... okay on input line 21.
LaTeX Font Info:    Checking defaults for T1/cmr/m/n on input line 21.
LaTeX Font Info:    ... okay on input line 21.
LaTeX Font Info:    Checking defaults for OT1/cmr/m/n on input line 21.
LaTeX Font Info:    ... okay on input line 21.
LaTeX Font Info:    Checking defaults for OMS/cmsy/m/n on input line 21.
LaTeX Font Info:    ... okay on input line 21.
LaTeX Font Info:    Checking defaults for OMX/cmex/m/n on input line 21.
LaTeX Font Info:    ... okay on input line 21.
LaTeX Font Info:    Checking defaults for U/cmr/m/n on input line 21.
LaTeX Font Info:    ... okay on input line 21.

(C:\MiKTeX\tex\context\base\supp-pdf.mkii
[Loading MPS to PDF converter (version 2006.09.02).]
\scratchcounter=\count105
\scratchdimen=\dimen128
\scratchbox=\box28
\nofMPsegments=\count106
\nofMParguments=\count107
\everyMPshowfont=\toks23
\MPscratchCnt=\count108
\MPscratchDim=\dimen129
\MPnumerator=\count109
\makeMPintoPDFobject=\count110
\everyMPtoPDFconversion=\toks24
) (H:\thesis\masterthesis_working\header/header.tex
LaTeX Font Info:    Try loading font information for U+msa on input line 21.

(C:\MiKTeX\tex\latex\amsfonts\umsa.fd
File: umsa.fd 2013/01/14 v3.01 AMS symbols A
)
LaTeX Font Info:    Try loading font information for U+msb on input line 21.
 (C:\MiKTeX\tex\latex\amsfonts\umsb.fd
File: umsb.fd 2013/01/14 v3.01 AMS symbols B
)
[1

{C:/Users/klipp/AppData/Local/MiKTeX/2.9/pdftex/config/pdftex.map}]
(H:\thesis\masterthesis_working\masterthesis.toc [1

])
\tf@toc=\write3
 [2])
(H:\thesis\masterthesis_working\introduction/introduction.tex
Chapter 1.
) (H:\thesis\masterthesis_working\theory/theory.tex [3

]
Chapter 2.

Overfull \hbox (14.62473pt too wide) in paragraph at lines 48--48
[]\OT1/cmr/bx/n/14.4 complex sys-tems, lin-ear re-sponses, phase tran-
 []

) (H:\thesis\masterthesis_working\model_setup/model_setup.tex [4

] [5]
Chapter 3.
) (H:\thesis\masterthesis_working\results/results.tex [6

]
Chapter 4.
LaTeX Font Info:    Try loading font information for OMS+cmr on input line 14.
(C:\MiKTeX\tex\latex\base\omscmr.fd
File: omscmr.fd 1999/05/25 v2.5h Standard LaTeX font definitions
)
LaTeX Font Info:    Font shape `OMS/cmr/m/n' in size <10> not available
(Font)              Font shape `OMS/cmsy/m/n' tried instead on input line 14.

<./results/figures/FstatLPG.png, id=29, 1205.2528pt x 816.80156pt>
File: ./results/figures/FstatLPG.png Graphic file (type png)

<use ./results/figures/FstatLPG.png>
Package pdftex.def Info: ./results/figures/FstatLPG.png used on input line 33.
(pdftex.def)             Requested size: 345.0pt x 233.81285pt.

<./results/figures/FstatLPS.png, id=30, 1205.2528pt x 816.80156pt>
File: ./results/figures/FstatLPS.png Graphic file (type png)

<use ./results/figures/FstatLPS.png>
Package pdftex.def Info: ./results/figures/FstatLPS.png used on input line 39.
(pdftex.def)             Requested size: 345.0pt x 233.81285pt.
 [7

] [8 <H:/thesis/masterthesis_working/results/figures/FstatLPG.png (PNG copy)> <
H:/thesis/masterthesis_working/results/figures/FstatLPS.png (PNG copy)>]
<./results/figures/comp1.png, id=40, 1205.2528pt x 816.80156pt>
File: ./results/figures/comp1.png Graphic file (type png)

<use ./results/figures/comp1.png>
Package pdftex.def Info: ./results/figures/comp1.png used on input line 56.
(pdftex.def)             Requested size: 345.0pt x 233.81285pt.

<./results/figures/comp2.png, id=41, 1193.20781pt x 812.28468pt>
File: ./results/figures/comp2.png Graphic file (type png)

<use ./results/figures/comp2.png>
Package pdftex.def Info: ./results/figures/comp2.png used on input line 62.
(pdftex.def)             Requested size: 345.0pt x 234.86243pt.

<./results/figures/comp3.png, id=42, 1193.20781pt x 812.28468pt>
File: ./results/figures/comp3.png Graphic file (type png)

<use ./results/figures/comp3.png>
Package pdftex.def Info: ./results/figures/comp3.png used on input line 68.
(pdftex.def)             Requested size: 345.0pt x 234.86243pt.

<./results/figures/comp4.png, id=43, 1193.20781pt x 812.28468pt>
File: ./results/figures/comp4.png Graphic file (type png)

<use ./results/figures/comp4.png>
Package pdftex.def Info: ./results/figures/comp4.png used on input line 74.
(pdftex.def)             Requested size: 345.0pt x 234.86243pt.
 [9 <H:/thesis/masterthesis_working/results/figures/comp1.png (PNG copy)>] [10 
<H:/thesis/masterthesis_working/results/figures/comp2.png (PNG copy)> <H:/thesi
s/masterthesis_working/results/figures/comp3.png (PNG copy)>]
<./results/figures/linrep1.png, id=50, 1205.2528pt x 816.80156pt>
File: ./results/figures/linrep1.png Graphic file (type png)

<use ./results/figures/linrep1.png>
Package pdftex.def Info: ./results/figures/linrep1.png used on input line 107.
(pdftex.def)             Requested size: 345.0pt x 233.81285pt.

<./results/figures/phasetran1.png, id=51, 1205.2528pt x 816.80156pt>
File: ./results/figures/phasetran1.png Graphic file (type png)

<use ./results/figures/phasetran1.png>
Package pdftex.def Info: ./results/figures/phasetran1.png used on input line 11
6.
(pdftex.def)             Requested size: 345.0pt x 233.81285pt.

Underfull \hbox (badness 4217) in paragraph at lines 117--117
[]\OT1/cmr/m/n/10 Figure 4.8: Agg=0, LPG, i*r*=2245, non-lin-ear part, slope: m
=-
 []

) (H:\thesis\masterthesis_working\final/final.tex [11 <H:/thesis/masterthesis_w
orking/results/figures/comp4.png (PNG copy)>] [12 <H:/thesis/masterthesis_worki
ng/results/figures/linrep1.png (PNG copy)> <H:/thesis/masterthesis_working/resu
lts/figures/phasetran1.png (PNG copy)>] [13]
Chapter 5.
) (H:\thesis\masterthesis_working\appendix/appendix.tex
(H:\thesis\masterthesis_working\masterthesis.bbl [14

]

LaTeX Warning: Empty `thebibliography' environment on input line 3.

)) [15

] (H:\thesis\masterthesis_working\masterthesis.aux) ) 
Here is how much of TeX's memory you used:
 2562 strings out of 493921
 32353 string characters out of 3154500
 86296 words of memory out of 3000000
 5789 multiletter control sequences out of 15000+200000
 9918 words of font info for 38 fonts, out of 3000000 for 9000
 841 hyphenation exceptions out of 8191
 27i,6n,26p,267b,230s stack positions out of 5000i,500n,10000p,200000b,50000s
<C:/MiKTeX/fonts/type1/pub
lic/amsfonts/cm/cmbx10.pfb><C:/MiKTeX/fonts/type1/public/amsfonts/cm/cmbx12.pfb
><C:/MiKTeX/fonts/type1/public/amsfonts/cm/cmcsc10.pfb><C:/MiKTeX/fonts/type1/p
ublic/amsfonts/cm/cmmi10.pfb><C:/MiKTeX/fonts/type1/public/amsfonts/cm/cmmi7.pf
b><C:/MiKTeX/fonts/type1/public/amsfonts/cm/cmr10.pfb><C:/MiKTeX/fonts/type1/pu
blic/amsfonts/cm/cmr12.pfb><C:/MiKTeX/fonts/type1/public/amsfonts/cm/cmsy10.pfb
>
Output written on masterthesis.pdf (16 pages, 261112 bytes).
PDF statistics:
 94 PDF objects out of 1000 (max. 8388607)
 0 named destinations out of 1000 (max. 500000)
 41 words of extra memory for PDF output out of 10000 (max. 10000000)

